<?xml version="1.0" encoding="UTF-8"?>
<!-- Generated by org.testng.reporters.JUnitReportReporter -->
<testsuite hostname="LAPTOP-PLNO5R2G" failures="0" tests="4" name="jenkins_tests.Amazon" time="5.200" errors="0" timestamp="2023-03-17T21:40:33 PDT" skipped="0">
  <testcase classname="jenkins_tests.Amazon" name="clickOnSignInLink" time="0.515"/>
  <system-out/>
  <testcase classname="jenkins_tests.Amazon" name="logInCredentials" time="0.573"/>
  <system-out/>
  <testcase classname="jenkins_tests.Amazon" name="clickOnAccount" time="2.983"/>
  <system-out/>
  <testcase classname="jenkins_tests.Amazon" name="amazonHome" time="1.129"/>
  <system-out/>
</testsuite> <!-- jenkins_tests.Amazon -->
